app/build/intermediates/manifest_merge_blame_file/debug/processDebugMainManifest/manifest-merger-blame-debug-report.txt
1<?xml version="1.0" encoding="utf-8"?>
2<manifest xmlns:android="http://schemas.android.com/apk/res/android"
3    package="com.signalsafe.ai"
4    android:versionCode="1"
5    android:versionName="1.0" >
6
7    <uses-sdk
8        android:minSdkVersion="26"
9        android:targetSdkVersion="35" />
10
11    <uses-permission
11-->src\main\AndroidManifest.xml:4:5-94
12        android:name="android.permission.BLUETOOTH"
12-->src\main\AndroidManifest.xml:4:22-65
13        android:maxSdkVersion="30" />
13-->src\main\AndroidManifest.xml:4:66-92
14    <uses-permission
14-->src\main\AndroidManifest.xml:5:5-100
15        android:name="android.permission.BLUETOOTH_ADMIN"
15-->src\main\AndroidManifest.xml:5:22-71
16        android:maxSdkVersion="30" />
16-->src\main\AndroidManifest.xml:5:72-98
17    <uses-permission android:name="android.permission.BLUETOOTH_CONNECT" />
17-->src\main\AndroidManifest.xml:6:5-75
17-->src\main\AndroidManifest.xml:6:22-73
18    <uses-permission
18-->src\main\AndroidManifest.xml:7:5-119
19        android:name="android.permission.BLUETOOTH_SCAN"
19-->src\main\AndroidManifest.xml:7:22-70
20        android:usesPermissionFlags="neverForLocation" />
20-->src\main\AndroidManifest.xml:7:71-117
21    <uses-permission android:name="android.permission.ACCESS_FINE_LOCATION" />
21-->src\main\AndroidManifest.xml:8:5-78
21-->src\main\AndroidManifest.xml:8:22-76
22    <uses-permission android:name="android.permission.ACCESS_COARSE_LOCATION" />
22-->src\main\AndroidManifest.xml:9:5-80
22-->src\main\AndroidManifest.xml:9:22-78
23    <uses-permission android:name="android.permission.ACCESS_WIFI_STATE" />
23-->src\main\AndroidManifest.xml:10:5-75
23-->src\main\AndroidManifest.xml:10:22-73
24    <uses-permission android:name="android.permission.CHANGE_WIFI_STATE" />
24-->src\main\AndroidManifest.xml:11:5-75
24-->src\main\AndroidManifest.xml:11:22-73
25    <uses-permission android:name="android.permission.ACCESS_NETWORK_STATE" />
25-->src\main\AndroidManifest.xml:12:5-78
25-->src\main\AndroidManifest.xml:12:22-76
26    <uses-permission android:name="android.permission.INTERNET" />
26-->src\main\AndroidManifest.xml:13:5-66
26-->src\main\AndroidManifest.xml:13:22-64
27
28    <permission
28-->[androidx.core:core:1.13.0] AndroidManifest.xml:22:5-24:47
29        android:name="com.signalsafe.ai.DYNAMIC_RECEIVER_NOT_EXPORTED_PERMISSION"
29-->[androidx.core:core:1.13.0] AndroidManifest.xml:23:9-81
30        android:protectionLevel="signature" />
30-->[androidx.core:core:1.13.0] AndroidManifest.xml:24:9-44
31
32    <uses-permission android:name="com.signalsafe.ai.DYNAMIC_RECEIVER_NOT_EXPORTED_PERMISSION" />
32-->[androidx.core:core:1.13.0] AndroidManifest.xml:26:5-97
32-->[androidx.core:core:1.13.0] AndroidManifest.xml:26:22-94
33
34    <application
34-->src\main\AndroidManifest.xml:15:5-29:19
35        android:allowBackup="true"
35-->src\main\AndroidManifest.xml:18:9-35
36        android:appComponentFactory="androidx.core.app.CoreComponentFactory"
36-->[androidx.core:core:1.13.0] AndroidManifest.xml:28:18-86
37        android:debuggable="true"
38        android:extractNativeLibs="false"
39        android:label="SignalSafe AI"
39-->src\main\AndroidManifest.xml:17:9-38
40        android:supportsRtl="true"
40-->src\main\AndroidManifest.xml:19:9-35
41        android:testOnly="true"
42        android:theme="@style/Theme.SignalSafe" >
42-->src\main\AndroidManifest.xml:16:9-48
43        <activity
43-->src\main\AndroidManifest.xml:20:9-28:20
44            android:name="com.signalsafe.ai.MainActivity"
44-->src\main\AndroidManifest.xml:21:13-41
45            android:exported="true"
45-->src\main\AndroidManifest.xml:23:13-36
46            android:screenOrientation="portrait" >
46-->src\main\AndroidManifest.xml:22:13-49
47            <intent-filter>
47-->src\main\AndroidManifest.xml:24:13-27:29
48                <action android:name="android.intent.action.MAIN" />
48-->src\main\AndroidManifest.xml:25:17-68
48-->src\main\AndroidManifest.xml:25:25-66
49
50                <category android:name="android.intent.category.LAUNCHER" />
50-->src\main\AndroidManifest.xml:26:17-76
50-->src\main\AndroidManifest.xml:26:27-74
51            </intent-filter>
52        </activity>
53
54        <provider
54-->[androidx.emoji2:emoji2:1.3.0] AndroidManifest.xml:24:9-32:20
55            android:name="androidx.startup.InitializationProvider"
55-->[androidx.emoji2:emoji2:1.3.0] AndroidManifest.xml:25:13-67
56            android:authorities="com.signalsafe.ai.androidx-startup"
56-->[androidx.emoji2:emoji2:1.3.0] AndroidManifest.xml:26:13-68
57            android:exported="false" >
57-->[androidx.emoji2:emoji2:1.3.0] AndroidManifest.xml:27:13-37
58            <meta-data
58-->[androidx.emoji2:emoji2:1.3.0] AndroidManifest.xml:29:13-31:52
59                android:name="androidx.emoji2.text.EmojiCompatInitializer"
59-->[androidx.emoji2:emoji2:1.3.0] AndroidManifest.xml:30:17-75
60                android:value="androidx.startup" />
60-->[androidx.emoji2:emoji2:1.3.0] AndroidManifest.xml:31:17-49
61            <meta-data
61-->[androidx.lifecycle:lifecycle-process:2.6.2] AndroidManifest.xml:29:13-31:52
62                android:name="androidx.lifecycle.ProcessLifecycleInitializer"
62-->[androidx.lifecycle:lifecycle-process:2.6.2] AndroidManifest.xml:30:17-78
63                android:value="androidx.startup" />
63-->[androidx.lifecycle:lifecycle-process:2.6.2] AndroidManifest.xml:31:17-49
64            <meta-data
64-->[androidx.profileinstaller:profileinstaller:1.4.0] AndroidManifest.xml:29:13-31:52
65                android:name="androidx.profileinstaller.ProfileInstallerInitializer"
65-->[androidx.profileinstaller:profileinstaller:1.4.0] AndroidManifest.xml:30:17-85
66                android:value="androidx.startup" />
66-->[androidx.profileinstaller:profileinstaller:1.4.0] AndroidManifest.xml:31:17-49
67        </provider>
68
69        <receiver
69-->[androidx.profileinstaller:profileinstaller:1.4.0] AndroidManifest.xml:34:9-52:20
70            android:name="androidx.profileinstaller.ProfileInstallReceiver"
70-->[androidx.profileinstaller:profileinstaller:1.4.0] AndroidManifest.xml:35:13-76
71            android:directBootAware="false"
71-->[androidx.profileinstaller:profileinstaller:1.4.0] AndroidManifest.xml:36:13-44
72            android:enabled="true"
72-->[androidx.profileinstaller:profileinstaller:1.4.0] AndroidManifest.xml:37:13-35
73            android:exported="true"
73-->[androidx.profileinstaller:profileinstaller:1.4.0] AndroidManifest.xml:38:13-36
74            android:permission="android.permission.DUMP" >
74-->[androidx.profileinstaller:profileinstaller:1.4.0] AndroidManifest.xml:39:13-57
75            <intent-filter>
75-->[androidx.profileinstaller:profileinstaller:1.4.0] AndroidManifest.xml:40:13-42:29
76                <action android:name="androidx.profileinstaller.action.INSTALL_PROFILE" />
76-->[androidx.profileinstaller:profileinstaller:1.4.0] AndroidManifest.xml:41:17-91
76-->[androidx.profileinstaller:profileinstaller:1.4.0] AndroidManifest.xml:41:25-88
77            </intent-filter>
78            <intent-filter>
78-->[androidx.profileinstaller:profileinstaller:1.4.0] AndroidManifest.xml:43:13-45:29
79                <action android:name="androidx.profileinstaller.action.SKIP_FILE" />
79-->[androidx.profileinstaller:profileinstaller:1.4.0] AndroidManifest.xml:44:17-85
79-->[androidx.profileinstaller:profileinstaller:1.4.0] AndroidManifest.xml:44:25-82
80            </intent-filter>
81            <intent-filter>
81-->[androidx.profileinstaller:profileinstaller:1.4.0] AndroidManifest.xml:46:13-48:29
82                <action android:name="androidx.profileinstaller.action.SAVE_PROFILE" />
82-->[androidx.profileinstaller:profileinstaller:1.4.0] AndroidManifest.xml:47:17-88
82-->[androidx.profileinstaller:profileinstaller:1.4.0] AndroidManifest.xml:47:25-85
83            </intent-filter>
84            <intent-filter>
84-->[androidx.profileinstaller:profileinstaller:1.4.0] AndroidManifest.xml:49:13-51:29
85                <action android:name="androidx.profileinstaller.action.BENCHMARK_OPERATION" />
85-->[androidx.profileinstaller:profileinstaller:1.4.0] AndroidManifest.xml:50:17-95
85-->[androidx.profileinstaller:profileinstaller:1.4.0] AndroidManifest.xml:50:25-92
86            </intent-filter>
87        </receiver>
88    </application>
89
90</manifest>